<?xml version="1.0" encoding="UTF-8"?>
<testng-results skipped="2" failed="2" ignored="0" total="7" passed="3">
  <reporter-output>
    <line>
      <![CDATA[Screenshot Capture in TestNG Results Started]]>
    </line>
    <line>
      <![CDATA[ChromeDriver is Opened And Maximized ]]>
    </line>
    <line>
      <![CDATA[Navigate To The Url]]>
    </line>
    <line>
      <![CDATA[Click on the user name Field]]>
    </line>
    <line>
      <![CDATA[Enter User Name ]]>
    </line>
    <line>
      <![CDATA[Click on The Password Field ]]>
    </line>
    <line>
      <![CDATA[Enter Password]]>
    </line>
    <line>
      <![CDATA[Click on Login Button]]>
    </line>
    <line>
      <![CDATA[Click on CareNet Link]]>
    </line>
    <line>
      <![CDATA[Click on CareNet Settings]]>
    </line>
    <line>
      <![CDATA[Click on Data Management's Link]]>
    </line>
    <line>
      <![CDATA[Click on Body System link Page ]]>
    </line>
    <line>
      <![CDATA[Closing The Browser]]>
    </line>
    <line>
      <![CDATA[Screenshot Capture in TestNG Results Started]]>
    </line>
    <line>
      <![CDATA[ChromeDriver is Opened And Maximized ]]>
    </line>
    <line>
      <![CDATA[Navigate To The Url]]>
    </line>
    <line>
      <![CDATA[Click on the user name Field]]>
    </line>
    <line>
      <![CDATA[Enter User Name ]]>
    </line>
    <line>
      <![CDATA[Click on The Password Field ]]>
    </line>
    <line>
      <![CDATA[Enter Password]]>
    </line>
    <line>
      <![CDATA[Click on Login Button]]>
    </line>
    <line>
      <![CDATA[Click on CareNet Link]]>
    </line>
    <line>
      <![CDATA[Click on CareNet Settings]]>
    </line>
    <line>
      <![CDATA[Click on Data Management's Link]]>
    </line>
    <line>
      <![CDATA[Click on Body System link Page ]]>
    </line>
    <line>
      <![CDATA[Click on Add button]]>
    </line>
    <line>
      <![CDATA[Fill Body System Name]]>
    </line>
    <line>
      <![CDATA[Fill Default ROS Value]]>
    </line>
    <line>
      <![CDATA[Click on the Save button]]>
    </line>
    <line>
      <![CDATA[Closing The Browser]]>
    </line>
    <line>
      <![CDATA[Screenshot Capture in TestNG Results Started]]>
    </line>
    <line>
      <![CDATA[ChromeDriver is Opened And Maximized ]]>
    </line>
    <line>
      <![CDATA[Navigate To The Url]]>
    </line>
    <line>
      <![CDATA[Click on the user name Field]]>
    </line>
    <line>
      <![CDATA[Enter User Name ]]>
    </line>
    <line>
      <![CDATA[Click on The Password Field ]]>
    </line>
    <line>
      <![CDATA[Enter Password]]>
    </line>
    <line>
      <![CDATA[Click on Login Button]]>
    </line>
    <line>
      <![CDATA[Click on CareNet Link]]>
    </line>
    <line>
      <![CDATA[Click on CareNet Settings]]>
    </line>
    <line>
      <![CDATA[Click on Data Management's Link]]>
    </line>
    <line>
      <![CDATA[Click on Body System link Page ]]>
    </line>
    <line>
      <![CDATA[Search By NameBodySystemNamebade5]]>
    </line>
    <line>
      <![CDATA[Click on Search Button]]>
    </line>
    <line>
      <![CDATA[Click on The Row]]>
    </line>
    <line>
      <![CDATA[Click on Update Button]]>
    </line>
    <line>
      <![CDATA[Closing The Browser]]>
    </line>
    <line>
      <![CDATA[Screenshot Capture in TestNG Results Started]]>
    </line>
    <line>
      <![CDATA[ChromeDriver is Opened And Maximized ]]>
    </line>
    <line>
      <![CDATA[Navigate To The Url]]>
    </line>
    <line>
      <![CDATA[Click on the user name Field]]>
    </line>
    <line>
      <![CDATA[Enter User Name ]]>
    </line>
    <line>
      <![CDATA[Click on The Password Field ]]>
    </line>
    <line>
      <![CDATA[Enter Password]]>
    </line>
    <line>
      <![CDATA[Click on Login Button]]>
    </line>
    <line>
      <![CDATA[Click on CareNet Link]]>
    </line>
    <line>
      <![CDATA[Click on CareNet Settings]]>
    </line>
    <line>
      <![CDATA[Click on Data Management's Link]]>
    </line>
    <line>
      <![CDATA[Click on Body System link Page ]]>
    </line>
    <line>
      <![CDATA[Search By NameBodySystemNamebade5]]>
    </line>
    <line>
      <![CDATA[Click on Search Button]]>
    </line>
    <line>
      <![CDATA[Click on The Row]]>
    </line>
    <line>
      <![CDATA[Click on Add Body Part Button]]>
    </line>
    <line>
      <![CDATA[Fill BodySystemPartName]]>
    </line>
    <line>
      <![CDATA[Fill Description]]>
    </line>
    <line>
      <![CDATA[Click on Save Button]]>
    </line>
    <line>
      <![CDATA[########################################]]>
    </line>
    <line>
      <![CDATA[Test Case addBodySystemPartList Executed with status = Failed  ]]>
    </line>
    <line>
      <![CDATA[The screenshot has been Captured Correctly with name :: addBodySystemPartList_20200212104121.png]]>
    </line>
    <line>
      <![CDATA[########################################]]>
    </line>
    <line>
      <![CDATA[Closing The Browser]]>
    </line>
    <line>
      <![CDATA[Screenshot Capture in TestNG Results Started]]>
    </line>
    <line>
      <![CDATA[ChromeDriver is Opened And Maximized ]]>
    </line>
    <line>
      <![CDATA[Navigate To The Url]]>
    </line>
    <line>
      <![CDATA[Click on the user name Field]]>
    </line>
    <line>
      <![CDATA[Enter User Name ]]>
    </line>
    <line>
      <![CDATA[Click on The Password Field ]]>
    </line>
    <line>
      <![CDATA[Enter Password]]>
    </line>
    <line>
      <![CDATA[Click on Login Button]]>
    </line>
    <line>
      <![CDATA[Click on CareNet Link]]>
    </line>
    <line>
      <![CDATA[Click on CareNet Settings]]>
    </line>
    <line>
      <![CDATA[Click on Data Management's Link]]>
    </line>
    <line>
      <![CDATA[Click on Body System link Page ]]>
    </line>
    <line>
      <![CDATA[Search By NameBodySystemNamebade5]]>
    </line>
    <line>
      <![CDATA[Click on Search Button]]>
    </line>
    <line>
      <![CDATA[Click on the CheckBox to Delete]]>
    </line>
    <line>
      <![CDATA[]]>
    </line>
    <line>
      <![CDATA[Accept the WebPage Alert]]>
    </line>
    <line>
      <![CDATA[########################################]]>
    </line>
    <line>
      <![CDATA[Test Case deleteBodySystem Executed with status = Failed  ]]>
    </line>
    <line>
      <![CDATA[The screenshot has been Captured Correctly with name :: deleteBodySystem_20200212104151.png]]>
    </line>
    <line>
      <![CDATA[########################################]]>
    </line>
    <line>
      <![CDATA[Closing The Browser]]>
    </line>
  </reporter-output>
  <suite name="Suite" duration-ms="145741" started-at="2020-02-12T10:39:27 EET" finished-at="2020-02-12T10:41:53 EET">
    <groups>
    </groups>
    <test name="Demo Cycle" duration-ms="145741" started-at="2020-02-12T10:39:27 EET" finished-at="2020-02-12T10:41:53 EET">
      <class name="test.CareNetSettings.DataManagement.BodySystem">
        <test-method status="PASS" signature="setUp()[pri:0, instance:test.CareNetSettings.DataManagement.BodySystem@1f28c152]" name="setUp" is-config="true" duration-ms="12125" started-at="2020-02-12T10:39:27 EET" finished-at="2020-02-12T10:39:39 EET">
          <reporter-output>
            <line>
              <![CDATA[Screenshot Capture in TestNG Results Started]]>
            </line>
            <line>
              <![CDATA[ChromeDriver is Opened And Maximized ]]>
            </line>
          </reporter-output>
        </test-method> <!-- setUp -->
        <test-method status="PASS" signature="navigateToBodySystem()[pri:1, instance:test.CareNetSettings.DataManagement.BodySystem@1f28c152]" name="navigateToBodySystem" duration-ms="13840" started-at="2020-02-12T10:39:39 EET" finished-at="2020-02-12T10:39:53 EET">
          <reporter-output>
            <line>
              <![CDATA[Navigate To The Url]]>
            </line>
            <line>
              <![CDATA[Click on the user name Field]]>
            </line>
            <line>
              <![CDATA[Enter User Name ]]>
            </line>
            <line>
              <![CDATA[Click on The Password Field ]]>
            </line>
            <line>
              <![CDATA[Enter Password]]>
            </line>
            <line>
              <![CDATA[Click on Login Button]]>
            </line>
            <line>
              <![CDATA[Click on CareNet Link]]>
            </line>
            <line>
              <![CDATA[Click on CareNet Settings]]>
            </line>
            <line>
              <![CDATA[Click on Data Management's Link]]>
            </line>
            <line>
              <![CDATA[Click on Body System link Page ]]>
            </line>
          </reporter-output>
        </test-method> <!-- navigateToBodySystem -->
        <test-method status="PASS" signature="tearDown(org.testng.ITestResult, java.lang.reflect.Method)[pri:0, instance:test.CareNetSettings.DataManagement.BodySystem@1f28c152]" name="tearDown" is-config="true" duration-ms="1049" started-at="2020-02-12T10:39:53 EET" finished-at="2020-02-12T10:39:54 EET">
          <params>
            <param index="0">
              <value>
                <![CDATA[[TestResult name=navigateToBodySystem status=SUCCESS method=BodySystem.navigateToBodySystem()[pri:1, instance:test.CareNetSettings.DataManagement.BodySystem@1f28c152] output=Navigate To The Url]]]>
              </value>
            </param>
            <param index="1">
              <value>
                <![CDATA[public void test.CareNetSettings.DataManagement.BodySystem.navigateToBodySystem() throws java.lang.InterruptedException]]>
              </value>
            </param>
          </params>
          <reporter-output>
            <line>
              <![CDATA[Closing The Browser]]>
            </line>
          </reporter-output>
        </test-method> <!-- tearDown -->
        <test-method status="PASS" signature="setUp()[pri:0, instance:test.CareNetSettings.DataManagement.BodySystem@1f28c152]" name="setUp" is-config="true" duration-ms="9938" started-at="2020-02-12T10:39:54 EET" finished-at="2020-02-12T10:40:04 EET">
          <reporter-output>
            <line>
              <![CDATA[Screenshot Capture in TestNG Results Started]]>
            </line>
            <line>
              <![CDATA[ChromeDriver is Opened And Maximized ]]>
            </line>
          </reporter-output>
        </test-method> <!-- setUp -->
        <test-method status="PASS" signature="addBodySystem()[pri:2, instance:test.CareNetSettings.DataManagement.BodySystem@1f28c152]" name="addBodySystem" duration-ms="18079" started-at="2020-02-12T10:40:04 EET" finished-at="2020-02-12T10:40:22 EET">
          <reporter-output>
            <line>
              <![CDATA[Navigate To The Url]]>
            </line>
            <line>
              <![CDATA[Click on the user name Field]]>
            </line>
            <line>
              <![CDATA[Enter User Name ]]>
            </line>
            <line>
              <![CDATA[Click on The Password Field ]]>
            </line>
            <line>
              <![CDATA[Enter Password]]>
            </line>
            <line>
              <![CDATA[Click on Login Button]]>
            </line>
            <line>
              <![CDATA[Click on CareNet Link]]>
            </line>
            <line>
              <![CDATA[Click on CareNet Settings]]>
            </line>
            <line>
              <![CDATA[Click on Data Management's Link]]>
            </line>
            <line>
              <![CDATA[Click on Body System link Page ]]>
            </line>
            <line>
              <![CDATA[Click on Add button]]>
            </line>
            <line>
              <![CDATA[Fill Body System Name]]>
            </line>
            <line>
              <![CDATA[Fill Default ROS Value]]>
            </line>
            <line>
              <![CDATA[Click on the Save button]]>
            </line>
          </reporter-output>
        </test-method> <!-- addBodySystem -->
        <test-method status="PASS" signature="tearDown(org.testng.ITestResult, java.lang.reflect.Method)[pri:0, instance:test.CareNetSettings.DataManagement.BodySystem@1f28c152]" name="tearDown" is-config="true" duration-ms="1029" started-at="2020-02-12T10:40:22 EET" finished-at="2020-02-12T10:40:23 EET">
          <params>
            <param index="0">
              <value>
                <![CDATA[[TestResult name=addBodySystem status=SUCCESS method=BodySystem.addBodySystem()[pri:2, instance:test.CareNetSettings.DataManagement.BodySystem@1f28c152] output=Navigate To The Url]]]>
              </value>
            </param>
            <param index="1">
              <value>
                <![CDATA[public void test.CareNetSettings.DataManagement.BodySystem.addBodySystem() throws java.lang.InterruptedException]]>
              </value>
            </param>
          </params>
          <reporter-output>
            <line>
              <![CDATA[Closing The Browser]]>
            </line>
          </reporter-output>
        </test-method> <!-- tearDown -->
        <test-method status="PASS" signature="setUp()[pri:0, instance:test.CareNetSettings.DataManagement.BodySystem@1f28c152]" name="setUp" is-config="true" duration-ms="9641" started-at="2020-02-12T10:40:23 EET" finished-at="2020-02-12T10:40:33 EET">
          <reporter-output>
            <line>
              <![CDATA[Screenshot Capture in TestNG Results Started]]>
            </line>
            <line>
              <![CDATA[ChromeDriver is Opened And Maximized ]]>
            </line>
          </reporter-output>
        </test-method> <!-- setUp -->
        <test-method status="PASS" signature="editBodySystem()[pri:3, instance:test.CareNetSettings.DataManagement.BodySystem@1f28c152]" name="editBodySystem" duration-ms="17791" started-at="2020-02-12T10:40:33 EET" depends-on-methods="test.CareNetSettings.DataManagement.BodySystem.addBodySystem" finished-at="2020-02-12T10:40:51 EET">
          <reporter-output>
            <line>
              <![CDATA[Navigate To The Url]]>
            </line>
            <line>
              <![CDATA[Click on the user name Field]]>
            </line>
            <line>
              <![CDATA[Enter User Name ]]>
            </line>
            <line>
              <![CDATA[Click on The Password Field ]]>
            </line>
            <line>
              <![CDATA[Enter Password]]>
            </line>
            <line>
              <![CDATA[Click on Login Button]]>
            </line>
            <line>
              <![CDATA[Click on CareNet Link]]>
            </line>
            <line>
              <![CDATA[Click on CareNet Settings]]>
            </line>
            <line>
              <![CDATA[Click on Data Management's Link]]>
            </line>
            <line>
              <![CDATA[Click on Body System link Page ]]>
            </line>
            <line>
              <![CDATA[Search By NameBodySystemNamebade5]]>
            </line>
            <line>
              <![CDATA[Click on Search Button]]>
            </line>
            <line>
              <![CDATA[Click on The Row]]>
            </line>
            <line>
              <![CDATA[Click on Update Button]]>
            </line>
          </reporter-output>
        </test-method> <!-- editBodySystem -->
        <test-method status="PASS" signature="tearDown(org.testng.ITestResult, java.lang.reflect.Method)[pri:0, instance:test.CareNetSettings.DataManagement.BodySystem@1f28c152]" name="tearDown" is-config="true" duration-ms="1012" started-at="2020-02-12T10:40:51 EET" finished-at="2020-02-12T10:40:52 EET">
          <params>
            <param index="0">
              <value>
                <![CDATA[[TestResult name=editBodySystem status=SUCCESS method=BodySystem.editBodySystem()[pri:3, instance:test.CareNetSettings.DataManagement.BodySystem@1f28c152] output=Navigate To The Url]]]>
              </value>
            </param>
            <param index="1">
              <value>
                <![CDATA[public void test.CareNetSettings.DataManagement.BodySystem.editBodySystem() throws java.lang.InterruptedException]]>
              </value>
            </param>
          </params>
          <reporter-output>
            <line>
              <![CDATA[Closing The Browser]]>
            </line>
          </reporter-output>
        </test-method> <!-- tearDown -->
        <test-method status="PASS" signature="setUp()[pri:0, instance:test.CareNetSettings.DataManagement.BodySystem@1f28c152]" name="setUp" is-config="true" duration-ms="9889" started-at="2020-02-12T10:40:52 EET" finished-at="2020-02-12T10:41:02 EET">
          <reporter-output>
            <line>
              <![CDATA[Screenshot Capture in TestNG Results Started]]>
            </line>
            <line>
              <![CDATA[ChromeDriver is Opened And Maximized ]]>
            </line>
          </reporter-output>
        </test-method> <!-- setUp -->
        <test-method status="FAIL" signature="addBodySystemPartList()[pri:4, instance:test.CareNetSettings.DataManagement.BodySystem@1f28c152]" name="addBodySystemPartList" duration-ms="19246" started-at="2020-02-12T10:41:02 EET" depends-on-methods="test.CareNetSettings.DataManagement.BodySystem.addBodySystem" finished-at="2020-02-12T10:41:21 EET">
          <exception class="java.lang.AssertionError">
            <message>
              <![CDATA[Operation Done Successfully . expected [x
Operation Done Successsfully .] but found [x
Operation Done Successfully .]]]>
            </message>
            <full-stacktrace>
              <![CDATA[java.lang.AssertionError: Operation Done Successfully . expected [x
Operation Done Successsfully .] but found [x
Operation Done Successfully .]
at org.testng.Assert.fail(Assert.java:97)
at org.testng.Assert.assertEqualsImpl(Assert.java:136)
at org.testng.Assert.assertEquals(Assert.java:118)
at org.testng.Assert.assertEquals(Assert.java:575)
at Driver.BasePage.AssertOperationDoneSuccessfully(BasePage.java:418)
at test.CareNetSettings.DataManagement.BodySystem.addBodySystemPartList(BodySystem.java:93)
at sun.reflect.NativeMethodAccessorImpl.invoke0(Native Method)
at sun.reflect.NativeMethodAccessorImpl.invoke(NativeMethodAccessorImpl.java:62)
at sun.reflect.DelegatingMethodAccessorImpl.invoke(DelegatingMethodAccessorImpl.java:43)
at java.lang.reflect.Method.invoke(Method.java:498)
at org.testng.internal.MethodInvocationHelper.invokeMethod(MethodInvocationHelper.java:133)
at org.testng.internal.TestInvoker.invokeMethod(TestInvoker.java:584)
at org.testng.internal.TestInvoker.invokeTestMethod(TestInvoker.java:172)
at org.testng.internal.MethodRunner.runInSequence(MethodRunner.java:46)
at org.testng.internal.TestInvoker$MethodInvocationAgent.invoke(TestInvoker.java:804)
at org.testng.internal.TestInvoker.invokeTestMethods(TestInvoker.java:145)
at org.testng.internal.TestMethodWorker.invokeTestMethods(TestMethodWorker.java:146)
at org.testng.internal.TestMethodWorker.run(TestMethodWorker.java:128)
at java.util.ArrayList.forEach(ArrayList.java:1257)
at org.testng.TestRunner.privateRun(TestRunner.java:770)
at org.testng.TestRunner.run(TestRunner.java:591)
at org.testng.SuiteRunner.runTest(SuiteRunner.java:402)
at org.testng.SuiteRunner.access$000(SuiteRunner.java:41)
at org.testng.SuiteRunner$SuiteWorker.run(SuiteRunner.java:443)
at org.testng.internal.thread.ThreadUtil.lambda$execute$0(ThreadUtil.java:67)
at java.util.concurrent.FutureTask.run(FutureTask.java:266)
at java.util.concurrent.ThreadPoolExecutor.runWorker(ThreadPoolExecutor.java:1149)
at java.util.concurrent.ThreadPoolExecutor$Worker.run(ThreadPoolExecutor.java:624)
at java.lang.Thread.run(Thread.java:748)
]]>
            </full-stacktrace>
          </exception> <!-- java.lang.AssertionError -->
          <reporter-output>
            <line>
              <![CDATA[Navigate To The Url]]>
            </line>
            <line>
              <![CDATA[Click on the user name Field]]>
            </line>
            <line>
              <![CDATA[Enter User Name ]]>
            </line>
            <line>
              <![CDATA[Click on The Password Field ]]>
            </line>
            <line>
              <![CDATA[Enter Password]]>
            </line>
            <line>
              <![CDATA[Click on Login Button]]>
            </line>
            <line>
              <![CDATA[Click on CareNet Link]]>
            </line>
            <line>
              <![CDATA[Click on CareNet Settings]]>
            </line>
            <line>
              <![CDATA[Click on Data Management's Link]]>
            </line>
            <line>
              <![CDATA[Click on Body System link Page ]]>
            </line>
            <line>
              <![CDATA[Search By NameBodySystemNamebade5]]>
            </line>
            <line>
              <![CDATA[Click on Search Button]]>
            </line>
            <line>
              <![CDATA[Click on The Row]]>
            </line>
            <line>
              <![CDATA[Click on Add Body Part Button]]>
            </line>
            <line>
              <![CDATA[Fill BodySystemPartName]]>
            </line>
            <line>
              <![CDATA[Fill Description]]>
            </line>
            <line>
              <![CDATA[Click on Save Button]]>
            </line>
            <line>
              <![CDATA[########################################]]>
            </line>
            <line>
              <![CDATA[Test Case addBodySystemPartList Executed with status = Failed  ]]>
            </line>
            <line>
              <![CDATA[The screenshot has been Captured Correctly with name :: addBodySystemPartList_20200212104121.png]]>
            </line>
            <line>
              <![CDATA[########################################]]>
            </line>
            <line>
              <![CDATA[Closing The Browser]]>
            </line>
          </reporter-output>
        </test-method> <!-- addBodySystemPartList -->
        <test-method status="PASS" signature="tearDown(org.testng.ITestResult, java.lang.reflect.Method)[pri:0, instance:test.CareNetSettings.DataManagement.BodySystem@1f28c152]" name="tearDown" is-config="true" duration-ms="2178" started-at="2020-02-12T10:41:21 EET" finished-at="2020-02-12T10:41:23 EET">
          <params>
            <param index="0">
              <value>
                <![CDATA[[TestResult name=addBodySystemPartList status=FAILURE method=BodySystem.addBodySystemPartList()[pri:4, instance:test.CareNetSettings.DataManagement.BodySystem@1f28c152] output=Navigate To The Url]]]>
              </value>
            </param>
            <param index="1">
              <value>
                <![CDATA[public void test.CareNetSettings.DataManagement.BodySystem.addBodySystemPartList() throws java.lang.InterruptedException]]>
              </value>
            </param>
          </params>
          <reporter-output>
          </reporter-output>
        </test-method> <!-- tearDown -->
        <test-method status="SKIP" signature="editBodySystemPartList()[pri:5, instance:test.CareNetSettings.DataManagement.BodySystem@1f28c152]" name="editBodySystemPartList" duration-ms="0" started-at="2020-02-12T10:41:23 EET" depends-on-methods="test.CareNetSettings.DataManagement.BodySystem.addBodySystem, test.CareNetSettings.DataManagement.BodySystem.addBodySystemPartList" finished-at="2020-02-12T10:41:23 EET">
          <exception class="java.lang.Throwable">
            <message>
              <![CDATA[Method BodySystem.editBodySystemPartList()[pri:5, instance:test.CareNetSettings.DataManagement.BodySystem@1f28c152] depends on not successfully finished methods]]>
            </message>
            <full-stacktrace>
              <![CDATA[java.lang.Throwable: Method BodySystem.editBodySystemPartList()[pri:5, instance:test.CareNetSettings.DataManagement.BodySystem@1f28c152] depends on not successfully finished methods
at org.testng.internal.TestInvoker.invokeTestMethods(TestInvoker.java:99)
at org.testng.internal.TestMethodWorker.invokeTestMethods(TestMethodWorker.java:146)
at org.testng.internal.TestMethodWorker.run(TestMethodWorker.java:128)
at java.util.ArrayList.forEach(ArrayList.java:1257)
at org.testng.TestRunner.privateRun(TestRunner.java:770)
at org.testng.TestRunner.run(TestRunner.java:591)
at org.testng.SuiteRunner.runTest(SuiteRunner.java:402)
at org.testng.SuiteRunner.access$000(SuiteRunner.java:41)
at org.testng.SuiteRunner$SuiteWorker.run(SuiteRunner.java:443)
at org.testng.internal.thread.ThreadUtil.lambda$execute$0(ThreadUtil.java:67)
at java.util.concurrent.FutureTask.run(FutureTask.java:266)
at java.util.concurrent.ThreadPoolExecutor.runWorker(ThreadPoolExecutor.java:1149)
at java.util.concurrent.ThreadPoolExecutor$Worker.run(ThreadPoolExecutor.java:624)
at java.lang.Thread.run(Thread.java:748)
]]>
            </full-stacktrace>
          </exception> <!-- java.lang.Throwable -->
          <reporter-output>
          </reporter-output>
        </test-method> <!-- editBodySystemPartList -->
        <test-method status="SKIP" signature="deleteBodySystemPartList()[pri:6, instance:test.CareNetSettings.DataManagement.BodySystem@1f28c152]" name="deleteBodySystemPartList" duration-ms="0" started-at="2020-02-12T10:41:23 EET" depends-on-methods="test.CareNetSettings.DataManagement.BodySystem.addBodySystem, test.CareNetSettings.DataManagement.BodySystem.addBodySystemPartList" finished-at="2020-02-12T10:41:23 EET">
          <exception class="java.lang.Throwable">
            <message>
              <![CDATA[Method BodySystem.deleteBodySystemPartList()[pri:6, instance:test.CareNetSettings.DataManagement.BodySystem@1f28c152] depends on not successfully finished methods]]>
            </message>
            <full-stacktrace>
              <![CDATA[java.lang.Throwable: Method BodySystem.deleteBodySystemPartList()[pri:6, instance:test.CareNetSettings.DataManagement.BodySystem@1f28c152] depends on not successfully finished methods
at org.testng.internal.TestInvoker.invokeTestMethods(TestInvoker.java:99)
at org.testng.internal.TestMethodWorker.invokeTestMethods(TestMethodWorker.java:146)
at org.testng.internal.TestMethodWorker.run(TestMethodWorker.java:128)
at java.util.ArrayList.forEach(ArrayList.java:1257)
at org.testng.TestRunner.privateRun(TestRunner.java:770)
at org.testng.TestRunner.run(TestRunner.java:591)
at org.testng.SuiteRunner.runTest(SuiteRunner.java:402)
at org.testng.SuiteRunner.access$000(SuiteRunner.java:41)
at org.testng.SuiteRunner$SuiteWorker.run(SuiteRunner.java:443)
at org.testng.internal.thread.ThreadUtil.lambda$execute$0(ThreadUtil.java:67)
at java.util.concurrent.FutureTask.run(FutureTask.java:266)
at java.util.concurrent.ThreadPoolExecutor.runWorker(ThreadPoolExecutor.java:1149)
at java.util.concurrent.ThreadPoolExecutor$Worker.run(ThreadPoolExecutor.java:624)
at java.lang.Thread.run(Thread.java:748)
]]>
            </full-stacktrace>
          </exception> <!-- java.lang.Throwable -->
          <reporter-output>
          </reporter-output>
        </test-method> <!-- deleteBodySystemPartList -->
        <test-method status="PASS" signature="setUp()[pri:0, instance:test.CareNetSettings.DataManagement.BodySystem@1f28c152]" name="setUp" is-config="true" duration-ms="10469" started-at="2020-02-12T10:41:23 EET" finished-at="2020-02-12T10:41:34 EET">
          <reporter-output>
            <line>
              <![CDATA[Screenshot Capture in TestNG Results Started]]>
            </line>
            <line>
              <![CDATA[ChromeDriver is Opened And Maximized ]]>
            </line>
          </reporter-output>
        </test-method> <!-- setUp -->
        <test-method status="FAIL" signature="deleteBodySystem()[pri:7, instance:test.CareNetSettings.DataManagement.BodySystem@1f28c152]" name="deleteBodySystem" duration-ms="17248" started-at="2020-02-12T10:41:34 EET" depends-on-methods="test.CareNetSettings.DataManagement.BodySystem.addBodySystem" finished-at="2020-02-12T10:41:51 EET">
          <exception class="java.lang.AssertionError">
            <message>
              <![CDATA[Operation Done Successfully . expected [x
Operation Done Successfully .] but found [x
Can't Be Deleted Cause This Body System Has Related Parts]]]>
            </message>
            <full-stacktrace>
              <![CDATA[java.lang.AssertionError: Operation Done Successfully . expected [x
Operation Done Successfully .] but found [x
Can't Be Deleted Cause This Body System Has Related Parts]
at org.testng.Assert.fail(Assert.java:97)
at org.testng.Assert.assertEqualsImpl(Assert.java:136)
at org.testng.Assert.assertEquals(Assert.java:118)
at org.testng.Assert.assertEquals(Assert.java:575)
at test.CareNetSettings.DataManagement.BodySystem.deleteBodySystem(BodySystem.java:135)
at sun.reflect.NativeMethodAccessorImpl.invoke0(Native Method)
at sun.reflect.NativeMethodAccessorImpl.invoke(NativeMethodAccessorImpl.java:62)
at sun.reflect.DelegatingMethodAccessorImpl.invoke(DelegatingMethodAccessorImpl.java:43)
at java.lang.reflect.Method.invoke(Method.java:498)
at org.testng.internal.MethodInvocationHelper.invokeMethod(MethodInvocationHelper.java:133)
at org.testng.internal.TestInvoker.invokeMethod(TestInvoker.java:584)
at org.testng.internal.TestInvoker.invokeTestMethod(TestInvoker.java:172)
at org.testng.internal.MethodRunner.runInSequence(MethodRunner.java:46)
at org.testng.internal.TestInvoker$MethodInvocationAgent.invoke(TestInvoker.java:804)
at org.testng.internal.TestInvoker.invokeTestMethods(TestInvoker.java:145)
at org.testng.internal.TestMethodWorker.invokeTestMethods(TestMethodWorker.java:146)
at org.testng.internal.TestMethodWorker.run(TestMethodWorker.java:128)
at java.util.ArrayList.forEach(ArrayList.java:1257)
at org.testng.TestRunner.privateRun(TestRunner.java:770)
at org.testng.TestRunner.run(TestRunner.java:591)
at org.testng.SuiteRunner.runTest(SuiteRunner.java:402)
at org.testng.SuiteRunner.access$000(SuiteRunner.java:41)
at org.testng.SuiteRunner$SuiteWorker.run(SuiteRunner.java:443)
at org.testng.internal.thread.ThreadUtil.lambda$execute$0(ThreadUtil.java:67)
at java.util.concurrent.FutureTask.run(FutureTask.java:266)
at java.util.concurrent.ThreadPoolExecutor.runWorker(ThreadPoolExecutor.java:1149)
at java.util.concurrent.ThreadPoolExecutor$Worker.run(ThreadPoolExecutor.java:624)
at java.lang.Thread.run(Thread.java:748)
]]>
            </full-stacktrace>
          </exception> <!-- java.lang.AssertionError -->
          <reporter-output>
            <line>
              <![CDATA[Navigate To The Url]]>
            </line>
            <line>
              <![CDATA[Click on the user name Field]]>
            </line>
            <line>
              <![CDATA[Enter User Name ]]>
            </line>
            <line>
              <![CDATA[Click on The Password Field ]]>
            </line>
            <line>
              <![CDATA[Enter Password]]>
            </line>
            <line>
              <![CDATA[Click on Login Button]]>
            </line>
            <line>
              <![CDATA[Click on CareNet Link]]>
            </line>
            <line>
              <![CDATA[Click on CareNet Settings]]>
            </line>
            <line>
              <![CDATA[Click on Data Management's Link]]>
            </line>
            <line>
              <![CDATA[Click on Body System link Page ]]>
            </line>
            <line>
              <![CDATA[Search By NameBodySystemNamebade5]]>
            </line>
            <line>
              <![CDATA[Click on Search Button]]>
            </line>
            <line>
              <![CDATA[Click on the CheckBox to Delete]]>
            </line>
            <line>
              <![CDATA[]]>
            </line>
            <line>
              <![CDATA[Accept the WebPage Alert]]>
            </line>
            <line>
              <![CDATA[########################################]]>
            </line>
            <line>
              <![CDATA[Test Case deleteBodySystem Executed with status = Failed  ]]>
            </line>
            <line>
              <![CDATA[The screenshot has been Captured Correctly with name :: deleteBodySystem_20200212104151.png]]>
            </line>
            <line>
              <![CDATA[########################################]]>
            </line>
            <line>
              <![CDATA[Closing The Browser]]>
            </line>
          </reporter-output>
        </test-method> <!-- deleteBodySystem -->
        <test-method status="PASS" signature="tearDown(org.testng.ITestResult, java.lang.reflect.Method)[pri:0, instance:test.CareNetSettings.DataManagement.BodySystem@1f28c152]" name="tearDown" is-config="true" duration-ms="2093" started-at="2020-02-12T10:41:51 EET" finished-at="2020-02-12T10:41:53 EET">
          <params>
            <param index="0">
              <value>
                <![CDATA[[TestResult name=deleteBodySystem status=FAILURE method=BodySystem.deleteBodySystem()[pri:7, instance:test.CareNetSettings.DataManagement.BodySystem@1f28c152] output=Navigate To The Url]]]>
              </value>
            </param>
            <param index="1">
              <value>
                <![CDATA[public void test.CareNetSettings.DataManagement.BodySystem.deleteBodySystem() throws java.lang.InterruptedException]]>
              </value>
            </param>
          </params>
          <reporter-output>
          </reporter-output>
        </test-method> <!-- tearDown -->
      </class> <!-- test.CareNetSettings.DataManagement.BodySystem -->
    </test> <!-- Demo Cycle -->
  </suite> <!-- Suite -->
</testng-results>
