<?xml version="1.0" encoding="UTF-8"?>
<!-- Generated by org.testng.reporters.JUnitXMLReporter -->
<testsuite hostname="Alshawabkeh" ignored="0" name="Insurance" tests="17" failures="1" timestamp="2020-01-29T09:55:25 EET" time="512.487" errors="0">
  <testcase name="navigateToAuthorizationsPage" time="15.282" classname="test.CareNetSettings.Insurance.Authorizations"/>
  <testcase name="navigateToClaimRulesPage" time="14.994" classname="test.CareNetSettings.Insurance.ClaimRules"/>
  <testcase name="navigateToClaimsAuditingPage" time="15.507" classname="test.CareNetSettings.Insurance.ClaimsAuditing"/>
  <testcase name="navigateToClaimsFileManagerPage" time="31.418" classname="test.CareNetSettings.Insurance.ClaimsFileManager">
    <failure type="org.openqa.selenium.TimeoutException" message="Expected condition failed: waiting for visibility of element located by By.id: ctl00_lblPageName (tried for 20 second(s) with 500 milliseconds interval)">
      <![CDATA[org.openqa.selenium.TimeoutException: Expected condition failed: waiting for visibility of element located by By.id: ctl00_lblPageName (tried for 20 second(s) with 500 milliseconds interval)
at org.openqa.selenium.support.ui.WebDriverWait.timeoutException(WebDriverWait.java:95)
at org.openqa.selenium.support.ui.FluentWait.until(FluentWait.java:272)
at test.CareNetSettings.Insurance.ClaimsFileManager.navigateToClaimsFileManagerPage(ClaimsFileManager.java:39)
at java.util.ArrayList.forEach(ArrayList.java:1257)
at com.intellij.rt.testng.IDEARemoteTestNG.run(IDEARemoteTestNG.java:66)
at com.intellij.rt.testng.RemoteTestNGStarter.main(RemoteTestNGStarter.java:110)
Caused by: org.openqa.selenium.NoSuchElementException: no such element: Unable to locate element: {"method":"css selector","selector":"#ctl00_lblPageName"}
  (Session info: chrome=79.0.3945.130)
For documentation on this error, please visit: https://www.seleniumhq.org/exceptions/no_such_element.html
Build info: version: '3.141.59', revision: 'e82be7d358', time: '2018-11-14T08:17:03'
System info: host: 'ALSHAWABKEH', ip: '192.168.3.5', os.name: 'Windows 10', os.arch: 'amd64', os.version: '10.0', java.version: '1.8.0_231'
Driver info: org.openqa.selenium.chrome.ChromeDriver
Capabilities {acceptInsecureCerts: false, browserName: chrome, browserVersion: 79.0.3945.130, chrome: {chromedriverVersion: 79.0.3945.36 (3582db32b3389..., userDataDir: C:\Users\R1375~1.ALS\AppDat...}, goog:chromeOptions: {debuggerAddress: localhost:52685}, javascriptEnabled: true, networkConnectionEnabled: false, pageLoadStrategy: normal, platform: WINDOWS, platformName: WINDOWS, proxy: Proxy(), setWindowRect: true, strictFileInteractability: false, timeouts: {implicit: 0, pageLoad: 300000, script: 30000}, unhandledPromptBehavior: dismiss and notify}
Session ID: bbb798f9f6568fc4475e061ee938f132
*** Element info: {Using=id, value=ctl00_lblPageName}
at org.openqa.selenium.remote.http.W3CHttpResponseCodec.createException(W3CHttpResponseCodec.java:187)
at org.openqa.selenium.remote.http.W3CHttpResponseCodec.decode(W3CHttpResponseCodec.java:122)
at org.openqa.selenium.remote.http.W3CHttpResponseCodec.decode(W3CHttpResponseCodec.java:49)
at org.openqa.selenium.remote.HttpCommandExecutor.execute(HttpCommandExecutor.java:158)
at org.openqa.selenium.remote.service.DriverCommandExecutor.execute(DriverCommandExecutor.java:83)
at org.openqa.selenium.remote.RemoteWebDriver.execute(RemoteWebDriver.java:552)
at org.openqa.selenium.remote.RemoteWebDriver.findElement(RemoteWebDriver.java:323)
at org.openqa.selenium.remote.RemoteWebDriver.findElementById(RemoteWebDriver.java:372)
at org.openqa.selenium.By$ById.findElement(By.java:188)
at org.openqa.selenium.remote.RemoteWebDriver.findElement(RemoteWebDriver.java:315)
at org.openqa.selenium.support.ui.ExpectedConditions$7.apply(ExpectedConditions.java:205)
at org.openqa.selenium.support.ui.ExpectedConditions$7.apply(ExpectedConditions.java:201)
at org.openqa.selenium.support.ui.FluentWait.until(FluentWait.java:249)
... 28 more
... Removed 27 stack frames]]>
    </failure>
  </testcase> <!-- navigateToClaimsFileManagerPage -->
  <testcase name="navigateToClaimsProcessingPage" time="15.758" classname="test.CareNetSettings.Insurance.ClaimsProcessing"/>
  <testcase name="navigateToClaimsStatisticsPage" time="19.55" classname="test.CareNetSettings.Insurance.ClaimsStatistics"/>
  <testcase name="navigateToClaimsSubmissionPage" time="26.225" classname="test.CareNetSettings.Insurance.ClaimsSubmission"/>
  <testcase name="navigateToExpiredInsuranceCardsPage" time="18.45" classname="test.CareNetSettings.Insurance.ExpiredInsuranceCards"/>
  <testcase name="navigateToInsuranceAgreementPage" time="15.082" classname="test.CareNetSettings.Insurance.InsuranceAgreement"/>
  <testcase name="navigateToInsuranceClaimAuditingPage" time="16.424" classname="test.CareNetSettings.Insurance.InsuranceClaimAuditing"/>
  <testcase name="navigateToInsuranceCompanyProviderPagePage" time="19.171" classname="test.CareNetSettings.Insurance.InsuranceCompanyProviderPage"/>
  <testcase name="navigateToPayersPage" time="16.469" classname="test.CareNetSettings.Insurance.Payers"/>
  <testcase name="navigateToPreAuthServicesPage" time="15.341" classname="test.CareNetSettings.Insurance.PreAuthServices"/>
  <testcase name="navigateToRemittanceAdvicesPage" time="15.645" classname="test.CareNetSettings.Insurance.RemittanceAdvices"/>
  <testcase name="navigateToResubmissionLeftDaysPage" time="16.061" classname="test.CareNetSettings.Insurance.ResubmissionLeftDays"/>
  <testcase name="navigateToStatementOfAccountPerCompanyPage" time="15.627" classname="test.CareNetSettings.Insurance.StatementOfAccountPerCompany"/>
  <testcase name="navigateToStatementOfAccountReportPage" time="17.021" classname="test.CareNetSettings.Insurance.StatementOfAccountReport"/>
</testsuite> <!-- Insurance -->
