<?xml version="1.0" encoding="utf-8" ?>
<!DOCTYPE html PUBLIC "-//W3C//DTD XHTML 1.0 Strict//EN"
        "http://www.w3.org/TR/xhtml1/DTD/xhtml1-strict.dtd">
<html xmlns="http://www.w3.org/1999/xhtml" xml:lang="" lang="">
<head>
  <title>Test Results Report - Integration Settings</title>
  <meta http-equiv="Content-Type" content="text/html;charset=utf-8" />
  <meta name="description" content="TestNG unit test results." />
  <link href="reportng.css" rel="stylesheet" type="text/css" />
    <script type="text/javascript" src="reportng.js"></script>
</head>
<body>
<h1>Integration Settings</h1>
<p>
  Test duration: 55.952s
</p>



  <table class="resultsTable">
    <tr><th colspan="3" class="header failed">Failed Tests</th></tr>
          <tr>
        <td colspan="3" class="group">test.CareNetSettings.IntegrationSettings.FinancialProviderSettings</td>
      </tr>
            
<tr>
  <td class="method">
                  navigateToFinancialProviderSettingsPage
      </td>
  <td class="duration">
    34.625s
  </td>
  <td class="result">
        
    
            <div class="testOutput">
                        Navigate To The Url<br />
                                Enter User Name <br />
                                Enter Password<br />
                                Click on Login Button <br />
                                Click on ESKA CareNet Locator<br />
                                Click on CareNet Settings Locator<br />
                                Click on Data Management Locator<br />
                                Click on Financial Provider Settings Page&nbsp; link <br />
                                ########################################<br />
                                Test Case navigateToFinancialProviderSettingsPage Executed with status = Failed&nbsp; <br />
                                The screenshot has been Captured Correctly with name :: navigateToFinancialProviderSettingsPage_20200129095619.png<br />
                                ########################################<br />
                                Closing The Browser<br />
                  </div>
    

        <a href="javascript:toggleElement('exception-0', 'block')" title="Click to expand/collapse"><b>org.openqa.selenium.TimeoutException: Expected condition failed: waiting for visibility of element located by By.id: ctl00_lblPageName (tried for 20 second(s) with 500 milliseconds interval)</b></a><br />
    <div class="stackTrace" id="exception-0">
              org.openqa.selenium.support.ui.WebDriverWait.timeoutException(WebDriverWait.java:95)<br />
              org.openqa.selenium.support.ui.FluentWait.until(FluentWait.java:272)<br />
              test.CareNetSettings.IntegrationSettings.FinancialProviderSettings.navigateToFinancialProviderSettingsPage(FinancialProviderSettings.java:39)<br />
              sun.reflect.NativeMethodAccessorImpl.invoke0(Native Method)<br />
              sun.reflect.NativeMethodAccessorImpl.invoke(NativeMethodAccessorImpl.java:62)<br />
              sun.reflect.DelegatingMethodAccessorImpl.invoke(DelegatingMethodAccessorImpl.java:43)<br />
              java.lang.reflect.Method.invoke(Method.java:498)<br />
              org.testng.internal.MethodInvocationHelper.invokeMethod(MethodInvocationHelper.java:133)<br />
              org.testng.internal.TestInvoker.invokeMethod(TestInvoker.java:584)<br />
              org.testng.internal.TestInvoker.invokeTestMethod(TestInvoker.java:172)<br />
              org.testng.internal.MethodRunner.runInSequence(MethodRunner.java:46)<br />
              org.testng.internal.TestInvoker$MethodInvocationAgent.invoke(TestInvoker.java:804)<br />
              org.testng.internal.TestInvoker.invokeTestMethods(TestInvoker.java:145)<br />
              org.testng.internal.TestMethodWorker.invokeTestMethods(TestMethodWorker.java:146)<br />
              org.testng.internal.TestMethodWorker.run(TestMethodWorker.java:128)<br />
              java.util.ArrayList.forEach(ArrayList.java:1257)<br />
              org.testng.TestRunner.privateRun(TestRunner.java:770)<br />
              org.testng.TestRunner.run(TestRunner.java:591)<br />
              org.testng.SuiteRunner.runTest(SuiteRunner.java:402)<br />
              org.testng.SuiteRunner.runSequentially(SuiteRunner.java:396)<br />
              org.testng.SuiteRunner.privateRun(SuiteRunner.java:355)<br />
              org.testng.SuiteRunner.run(SuiteRunner.java:304)<br />
              org.testng.SuiteRunnerWorker.runSuite(SuiteRunnerWorker.java:53)<br />
              org.testng.SuiteRunnerWorker.run(SuiteRunnerWorker.java:96)<br />
              org.testng.TestNG.runSuitesSequentially(TestNG.java:1180)<br />
              org.testng.TestNG.runSuitesLocally(TestNG.java:1102)<br />
              org.testng.TestNG.runSuites(TestNG.java:1032)<br />
              org.testng.TestNG.run(TestNG.java:1000)<br />
              com.intellij.rt.testng.IDEARemoteTestNG.run(IDEARemoteTestNG.java:66)<br />
              com.intellij.rt.testng.RemoteTestNGStarter.main(RemoteTestNGStarter.java:110)<br />
                    <b>Caused by: </b> <a href="javascript:toggleElement('exception-1', 'block')" title="Click to expand/collapse">org.openqa.selenium.NoSuchElementException: no such element: Unable to locate element: {&quot;method&quot;:&quot;css selector&quot;,&quot;selector&quot;:&quot;#ctl00_lblPageName&quot;}<br/>
&nbsp; (Session info: chrome=79.0.3945.130)<br/>
For documentation on this error, please visit: https://www.seleniumhq.org/exceptions/no_such_element.html<br/>
Build info: version: &apos;3.141.59&apos;, revision: &apos;e82be7d358&apos;, time: &apos;2018-11-14T08:17:03&apos;<br/>
System info: host: &apos;ALSHAWABKEH&apos;, ip: &apos;192.168.3.5&apos;, os.name: &apos;Windows 10&apos;, os.arch: &apos;amd64&apos;, os.version: &apos;10.0&apos;, java.version: &apos;1.8.0_231&apos;<br/>
Driver info: org.openqa.selenium.chrome.ChromeDriver<br/>
Capabilities {acceptInsecureCerts: false, browserName: chrome, browserVersion: 79.0.3945.130, chrome: {chromedriverVersion: 79.0.3945.36 (3582db32b3389..., userDataDir: C:\Users\R1375~1.ALS\AppDat...}, goog:chromeOptions: {debuggerAddress: localhost:53237}, javascriptEnabled: true, networkConnectionEnabled: false, pageLoadStrategy: normal, platform: WINDOWS, platformName: WINDOWS, proxy: Proxy(), setWindowRect: true, strictFileInteractability: false, timeouts: {implicit: 0, pageLoad: 300000, script: 30000}, unhandledPromptBehavior: dismiss and notify}<br/>
Session ID: ada54d4f0ce63a49c375ac9ede21bc93<br/>
*** Element info: {Using=id, value=ctl00_lblPageName}</a><br />
        <div class="stackTrace" id="exception-1">
                      sun.reflect.GeneratedConstructorAccessor17.newInstance(Unknown Source)<br />
                      sun.reflect.DelegatingConstructorAccessorImpl.newInstance(DelegatingConstructorAccessorImpl.java:45)<br />
                      java.lang.reflect.Constructor.newInstance(Constructor.java:423)<br />
                      org.openqa.selenium.remote.http.W3CHttpResponseCodec.createException(W3CHttpResponseCodec.java:187)<br />
                      org.openqa.selenium.remote.http.W3CHttpResponseCodec.decode(W3CHttpResponseCodec.java:122)<br />
                      org.openqa.selenium.remote.http.W3CHttpResponseCodec.decode(W3CHttpResponseCodec.java:49)<br />
                      org.openqa.selenium.remote.HttpCommandExecutor.execute(HttpCommandExecutor.java:158)<br />
                      org.openqa.selenium.remote.service.DriverCommandExecutor.execute(DriverCommandExecutor.java:83)<br />
                      org.openqa.selenium.remote.RemoteWebDriver.execute(RemoteWebDriver.java:552)<br />
                      org.openqa.selenium.remote.RemoteWebDriver.findElement(RemoteWebDriver.java:323)<br />
                      org.openqa.selenium.remote.RemoteWebDriver.findElementById(RemoteWebDriver.java:372)<br />
                      org.openqa.selenium.By$ById.findElement(By.java:188)<br />
                      org.openqa.selenium.remote.RemoteWebDriver.findElement(RemoteWebDriver.java:315)<br />
                      org.openqa.selenium.support.ui.ExpectedConditions$7.apply(ExpectedConditions.java:205)<br />
                      org.openqa.selenium.support.ui.ExpectedConditions$7.apply(ExpectedConditions.java:201)<br />
                      org.openqa.selenium.support.ui.FluentWait.until(FluentWait.java:249)<br />
                      test.CareNetSettings.IntegrationSettings.FinancialProviderSettings.navigateToFinancialProviderSettingsPage(FinancialProviderSettings.java:39)<br />
                      sun.reflect.NativeMethodAccessorImpl.invoke0(Native Method)<br />
                      sun.reflect.NativeMethodAccessorImpl.invoke(NativeMethodAccessorImpl.java:62)<br />
                      sun.reflect.DelegatingMethodAccessorImpl.invoke(DelegatingMethodAccessorImpl.java:43)<br />
                      java.lang.reflect.Method.invoke(Method.java:498)<br />
                      org.testng.internal.MethodInvocationHelper.invokeMethod(MethodInvocationHelper.java:133)<br />
                      org.testng.internal.TestInvoker.invokeMethod(TestInvoker.java:584)<br />
                      org.testng.internal.TestInvoker.invokeTestMethod(TestInvoker.java:172)<br />
                      org.testng.internal.MethodRunner.runInSequence(MethodRunner.java:46)<br />
                      org.testng.internal.TestInvoker$MethodInvocationAgent.invoke(TestInvoker.java:804)<br />
                      org.testng.internal.TestInvoker.invokeTestMethods(TestInvoker.java:145)<br />
                      org.testng.internal.TestMethodWorker.invokeTestMethods(TestMethodWorker.java:146)<br />
                      org.testng.internal.TestMethodWorker.run(TestMethodWorker.java:128)<br />
                      java.util.ArrayList.forEach(ArrayList.java:1257)<br />
                      org.testng.TestRunner.privateRun(TestRunner.java:770)<br />
                      org.testng.TestRunner.run(TestRunner.java:591)<br />
                      org.testng.SuiteRunner.runTest(SuiteRunner.java:402)<br />
                      org.testng.SuiteRunner.runSequentially(SuiteRunner.java:396)<br />
                      org.testng.SuiteRunner.privateRun(SuiteRunner.java:355)<br />
                      org.testng.SuiteRunner.run(SuiteRunner.java:304)<br />
                      org.testng.SuiteRunnerWorker.runSuite(SuiteRunnerWorker.java:53)<br />
                      org.testng.SuiteRunnerWorker.run(SuiteRunnerWorker.java:96)<br />
                      org.testng.TestNG.runSuitesSequentially(TestNG.java:1180)<br />
                      org.testng.TestNG.runSuitesLocally(TestNG.java:1102)<br />
                      org.testng.TestNG.runSuites(TestNG.java:1032)<br />
                      org.testng.TestNG.run(TestNG.java:1000)<br />
                      com.intellij.rt.testng.IDEARemoteTestNG.run(IDEARemoteTestNG.java:66)<br />
                      com.intellij.rt.testng.RemoteTestNGStarter.main(RemoteTestNGStarter.java:110)<br />
                  </div>
          </div>
      </td>
</tr>
      </table>


  
</body>
</html>
